Performing C++ SOURCE FILE Test HAVE_AVX_EXTENSIONS failed with the following compile output:
Change Dir: /Users/aghouas/dev/computer-graphics/cs184/p3_1-pathtracer-current/xcode/CMakeFiles/CMakeTmp

Run Build Command(s):/usr/bin/xcodebuild -project CMAKE_TRY_COMPILE.xcodeproj build -target cmTC_b5da9 -parallelizeTargets -configuration Debug -hideShellScriptEnvironment && objc[7641]: Class AMSupportURLConnectionDelegate is implemented in both /usr/lib/libauthinstall.dylib (0x1e91c6b90) and /Library/Apple/System/Library/PrivateFrameworks/MobileDevice.framework/Versions/A/MobileDevice (0x103a0c2c8). One of the two will be used. Which one is undefined.
objc[7641]: Class AMSupportURLSession is implemented in both /usr/lib/libauthinstall.dylib (0x1e91c6be0) and /Library/Apple/System/Library/PrivateFrameworks/MobileDevice.framework/Versions/A/MobileDevice (0x103a0c318). One of the two will be used. Which one is undefined.
Command line invocation:
    /Applications/Xcode.app/Contents/Developer/usr/bin/xcodebuild -project CMAKE_TRY_COMPILE.xcodeproj build -target cmTC_b5da9 -parallelizeTargets -configuration Debug -hideShellScriptEnvironment

User defaults from command line:
    HideShellScriptEnvironment = YES
    IDEPackageSupportUseBuiltinSCM = YES

note: Using new build system
note: Planning
Analyze workspace

Create build description
Build description signature: 42d109e8e230f20924ca086b38526fe0
Build description path: /Users/aghouas/dev/computer-graphics/cs184/p3_1-pathtracer-current/xcode/CMakeFiles/CMakeTmp/build/XCBuildData/42d109e8e230f20924ca086b38526fe0-desc.xcbuild

note: Build preparation complete
note: Building targets in dependency order
CreateBuildDirectory /Users/aghouas/dev/computer-graphics/cs184/p3_1-pathtracer-current/xcode/CMakeFiles/CMakeTmp
    cd /Users/aghouas/dev/computer-graphics/cs184/p3_1-pathtracer-current/xcode/CMakeFiles/CMakeTmp/CMAKE_TRY_COMPILE.xcodeproj
    builtin-create-build-directory /Users/aghouas/dev/computer-graphics/cs184/p3_1-pathtracer-current/xcode/CMakeFiles/CMakeTmp

CreateBuildDirectory /Users/aghouas/dev/computer-graphics/cs184/p3_1-pathtracer-current/xcode/CMakeFiles/CMakeTmp/Debug
    cd /Users/aghouas/dev/computer-graphics/cs184/p3_1-pathtracer-current/xcode/CMakeFiles/CMakeTmp/CMAKE_TRY_COMPILE.xcodeproj
    builtin-create-build-directory /Users/aghouas/dev/computer-graphics/cs184/p3_1-pathtracer-current/xcode/CMakeFiles/CMakeTmp/Debug

WriteAuxiliaryFile /Users/aghouas/dev/computer-graphics/cs184/p3_1-pathtracer-current/xcode/CMakeFiles/CMakeTmp/CMAKE_TRY_COMPILE.build/Debug/cmTC_b5da9.build/Objects-normal/arm64/cmTC_b5da9.LinkFileList (in target 'cmTC_b5da9' from project 'CMAKE_TRY_COMPILE')
    cd /Users/aghouas/dev/computer-graphics/cs184/p3_1-pathtracer-current/xcode/CMakeFiles/CMakeTmp
    write-file /Users/aghouas/dev/computer-graphics/cs184/p3_1-pathtracer-current/xcode/CMakeFiles/CMakeTmp/CMAKE_TRY_COMPILE.build/Debug/cmTC_b5da9.build/Objects-normal/arm64/cmTC_b5da9.LinkFileList

CompileC /Users/aghouas/dev/computer-graphics/cs184/p3_1-pathtracer-current/xcode/CMakeFiles/CMakeTmp/CMAKE_TRY_COMPILE.build/Debug/cmTC_b5da9.build/Objects-normal/arm64/src.o /Users/aghouas/dev/computer-graphics/cs184/p3_1-pathtracer-current/xcode/CMakeFiles/CMakeTmp/src.cxx normal arm64 c++ com.apple.compilers.llvm.clang.1_0.compiler (in target 'cmTC_b5da9' from project 'CMAKE_TRY_COMPILE')
    cd /Users/aghouas/dev/computer-graphics/cs184/p3_1-pathtracer-current/xcode/CMakeFiles/CMakeTmp
    /Applications/Xcode.app/Contents/Developer/Toolchains/XcodeDefault.xctoolchain/usr/bin/clang -x c++ -target arm64-apple-macos12.1 -fmessage-length\=0 -fdiagnostics-show-note-include-stack -fmacro-backtrace-limit\=0 -Wno-trigraphs -fpascal-strings -O0 -Wno-missing-field-initializers -Wno-missing-prototypes -Wno-return-type -Wno-non-virtual-dtor -Wno-overloaded-virtual -Wno-exit-time-destructors -Wno-missing-braces -Wparentheses -Wswitch -Wno-unused-function -Wno-unused-label -Wno-unused-parameter -Wno-unused-variable -Wunused-value -Wno-empty-body -Wno-uninitialized -Wno-unknown-pragmas -Wno-shadow -Wno-four-char-constants -Wno-conversion -Wno-constant-conversion -Wno-int-conversion -Wno-bool-conversion -Wno-enum-conversion -Wno-float-conversion -Wno-non-literal-null-conversion -Wno-objc-literal-conversion -Wno-shorten-64-to-32 -Wno-newline-eof -Wno-c++11-extensions -DCMAKE_INTDIR\=\"Debug\" -DHAVE_AVX_EXTENSIONS -isysroot /Applications/Xcode.app/Contents/Developer/Platforms/MacOSX.platform/Developer/SDKs/MacOSX12.1.sdk -fstrict-aliasing -Wdeprecated-declarations -Winvalid-offsetof -g -Wno-sign-conversion -Wno-infinite-recursion -Wno-move -Wno-comma -Wno-block-capture-autoreleasing -Wno-strict-prototypes -Wno-range-loop-analysis -Wno-semicolon-before-method-body -I/Users/aghouas/dev/computer-graphics/cs184/p3_1-pathtracer-current/xcode/CMakeFiles/CMakeTmp/Debug/include -I/Users/aghouas/dev/computer-graphics/cs184/p3_1-pathtracer-current/xcode/CMakeFiles/CMakeTmp/CMAKE_TRY_COMPILE.build/Debug/cmTC_b5da9.build/DerivedSources-normal/arm64 -I/Users/aghouas/dev/computer-graphics/cs184/p3_1-pathtracer-current/xcode/CMakeFiles/CMakeTmp/CMAKE_TRY_COMPILE.build/Debug/cmTC_b5da9.build/DerivedSources/arm64 -I/Users/aghouas/dev/computer-graphics/cs184/p3_1-pathtracer-current/xcode/CMakeFiles/CMakeTmp/CMAKE_TRY_COMPILE.build/Debug/cmTC_b5da9.build/DerivedSources -F/Users/aghouas/dev/computer-graphics/cs184/p3_1-pathtracer-current/xcode/CMakeFiles/CMakeTmp/Debug -mavx -MMD -MT dependencies -MF /Users/aghouas/dev/computer-graphics/cs184/p3_1-pathtracer-current/xcode/CMakeFiles/CMakeTmp/CMAKE_TRY_COMPILE.build/Debug/cmTC_b5da9.build/Objects-normal/arm64/src.d --serialize-diagnostics /Users/aghouas/dev/computer-graphics/cs184/p3_1-pathtracer-current/xcode/CMakeFiles/CMakeTmp/CMAKE_TRY_COMPILE.build/Debug/cmTC_b5da9.build/Objects-normal/arm64/src.dia -c /Users/aghouas/dev/computer-graphics/cs184/p3_1-pathtracer-current/xcode/CMakeFiles/CMakeTmp/src.cxx -o /Users/aghouas/dev/computer-graphics/cs184/p3_1-pathtracer-current/xcode/CMakeFiles/CMakeTmp/CMAKE_TRY_COMPILE.build/Debug/cmTC_b5da9.build/Objects-normal/arm64/src.o
clang: warning: argument unused during compilation: '-mavx' [-Wunused-command-line-argument]
In file included from /Users/aghouas/dev/computer-graphics/cs184/p3_1-pathtracer-current/xcode/CMakeFiles/CMakeTmp/src.cxx:2:
In file included from /Applications/Xcode.app/Contents/Developer/Toolchains/XcodeDefault.xctoolchain/usr/lib/clang/13.0.0/include/immintrin.h:13:
In file included from /Applications/Xcode.app/Contents/Developer/Toolchains/XcodeDefault.xctoolchain/usr/lib/clang/13.0.0/include/x86gprintrin.h:15:
/Applications/Xcode.app/Contents/Developer/Toolchains/XcodeDefault.xctoolchain/usr/lib/clang/13.0.0/include/hresetintrin.h:42:27: error: invalid input constraint 'a' in asm
  __asm__ ("hreset $0" :: "a"(__eax));
                          ^
In file included from /Users/aghouas/dev/computer-graphics/cs184/p3_1-pathtracer-current/xcode/CMakeFiles/CMakeTmp/src.cxx:2:
In file included from /Applications/Xcode.app/Contents/Developer/Toolchains/XcodeDefault.xctoolchain/usr/lib/clang/13.0.0/include/immintrin.h:17:
/Applications/Xcode.app/Contents/Developer/Toolchains/XcodeDefault.xctoolchain/usr/lib/clang/13.0.0/include/mmintrin.h:33:5: error: use of undeclared identifier '__builtin_ia32_emms'; did you mean '__builtin_isless'?
    __builtin_ia32_emms();
    ^
/Applications/Xcode.app/Contents/Developer/Toolchains/XcodeDefault.xctoolchain/usr/lib/clang/13.0.0/include/mmintrin.h:33:5: note: '__builtin_isless' declared here
/Applications/Xcode.app/Contents/Developer/Toolchains/XcodeDefault.xctoolchain/usr/lib/clang/13.0.0/include/mmintrin.h:33:25: error: too few arguments to function call, expected 2, have 0
    __builtin_ia32_emms();
    ~~~~~~~~~~~~~~~~~~~~^
/Applications/Xcode.app/Contents/Developer/Toolchains/XcodeDefault.xctoolchain/usr/lib/clang/13.0.0/include/mmintrin.h:50:19: error: use of undeclared identifier '__builtin_ia32_vec_init_v2si'
    return (__m64)__builtin_ia32_vec_init_v2si(__i, 0);
                  ^
/Applications/Xcode.app/Contents/Developer/Toolchains/XcodeDefault.xctoolchain/usr/lib/clang/13.0.0/include/mmintrin.h:67:12: error: use of undeclared identifier '__builtin_ia32_vec_ext_v2si'
    return __builtin_ia32_vec_ext_v2si((__v2si)__m, 0);
           ^
/Applications/Xcode.app/Contents/Developer/Toolchains/XcodeDefault.xctoolchain/usr/lib/clang/13.0.0/include/mmintrin.h:129:19: error: use of undeclared identifier '__builtin_ia32_packsswb'
    return (__m64)__builtin_ia32_packsswb((__v4hi)__m1, (__v4hi)__m2);
                  ^
/Applications/Xcode.app/Contents/Developer/Toolchains/XcodeDefault.xctoolchain/usr/lib/clang/13.0.0/include/mmintrin.h:159:19: error: use of undeclared identifier '__builtin_ia32_packssdw'
    return (__m64)__builtin_ia32_packssdw((__v2si)__m1, (__v2si)__m2);
                  ^
/Applications/Xcode.app/Contents/Developer/Toolchains/XcodeDefault.xctoolchain/usr/lib/clang/13.0.0/include/mmintrin.h:189:19: error: use of undeclared identifier '__builtin_ia32_packuswb'
    return (__m64)__builtin_ia32_packuswb((__v4hi)__m1, (__v4hi)__m2);
                  ^
/Applications/Xcode.app/Contents/Developer/Toolchains/XcodeDefault.xctoolchain/usr/lib/clang/13.0.0/include/mmintrin.h:216:19: error: use of undeclared identifier '__builtin_ia32_punpckhbw'
    return (__m64)__builtin_ia32_punpckhbw((__v8qi)__m1, (__v8qi)__m2);
                  ^
/Applications/Xcode.app/Contents/Developer/Toolchains/XcodeDefault.xctoolchain/usr/lib/clang/13.0.0/include/mmintrin.h:239:19: error: use of undeclared identifier '__builtin_ia32_punpckhwd'
    return (__m64)__builtin_ia32_punpckhwd((__v4hi)__m1, (__v4hi)__m2);
                  ^
/Applications/Xcode.app/Contents/Developer/Toolchains/XcodeDefault.xctoolchain/usr/lib/clang/13.0.0/include/mmintrin.h:260:19: error: use of undeclared identifier '__builtin_ia32_punpckhdq'
    return (__m64)__builtin_ia32_punpckhdq((__v2si)__m1, (__v2si)__m2);
                  ^
/Applications/Xcode.app/Contents/Developer/Toolchains/XcodeDefault.xctoolchain/usr/lib/clang/13.0.0/include/mmintrin.h:287:19: error: use of undeclared identifier '__builtin_ia32_punpcklbw'
    return (__m64)__builtin_ia32_punpcklbw((__v8qi)__m1, (__v8qi)__m2);
                  ^
/Applications/Xcode.app/Contents/Developer/Toolchains/XcodeDefault.xctoolchain/usr/lib/clang/13.0.0/include/mmintrin.h:310:19: error: use of undeclared identifier '__builtin_ia32_punpcklwd'
    return (__m64)__builtin_ia32_punpcklwd((__v4hi)__m1, (__v4hi)__m2);
                  ^
/Applications/Xcode.app/Contents/Developer/Toolchains/XcodeDefault.xctoolchain/usr/lib/clang/13.0.0/include/mmintrin.h:331:19: error: use of undeclared identifier '__builtin_ia32_punpckldq'
    return (__m64)__builtin_ia32_punpckldq((__v2si)__m1, (__v2si)__m2);
                  ^
/Applications/Xcode.app/Contents/Developer/Toolchains/XcodeDefault.xctoolchain/usr/lib/clang/13.0.0/include/mmintrin.h:352:19: error: use of undeclared identifier '__builtin_ia32_paddb'; did you mean '__builtin_arm_addg'?
    return (__m64)__builtin_ia32_paddb((__v8qi)__m1, (__v8qi)__m2);
                  ^
/Applications/Xcode.app/Contents/Developer/Toolchains/XcodeDefault.xctoolchain/usr/lib/clang/13.0.0/include/mmintrin.h:352:19: note: '__builtin_arm_addg' declared here
/Applications/Xcode.app/Contents/Developer/Toolchains/XcodeDefault.xctoolchain/usr/lib/clang/13.0.0/include/mmintrin.h:352:19: error: first argument of MTE builtin function must be a pointer ('__v8qi' (vector of 8 'char' values) invalid)
    return (__m64)__builtin_ia32_paddb((__v8qi)__m1, (__v8qi)__m2);
                  ^                    ~~~~~~~~~~~~
/Applications/Xcode.app/Contents/Developer/Toolchains/XcodeDefault.xctoolchain/usr/lib/clang/13.0.0/include/mmintrin.h:373:19: error: use of undeclared identifier '__builtin_ia32_paddw'; did you mean '__builtin_arm_addg'?
    return (__m64)__builtin_ia32_paddw((__v4hi)__m1, (__v4hi)__m2);
                  ^
/Applications/Xcode.app/Contents/Developer/Toolchains/XcodeDefault.xctoolchain/usr/lib/clang/13.0.0/include/mmintrin.h:352:19: note: '__builtin_arm_addg' declared here
    return (__m64)__builtin_ia32_paddb((__v8qi)__m1, (__v8qi)__m2);
                  ^
/Applications/Xcode.app/Contents/Developer/Toolchains/XcodeDefault.xctoolchain/usr/lib/clang/13.0.0/include/mmintrin.h:373:19: error: first argument of MTE builtin function must be a pointer ('__v4hi' (vector of 4 'short' values) invalid)
    return (__m64)__builtin_ia32_paddw((__v4hi)__m1, (__v4hi)__m2);
                  ^                    ~~~~~~~~~~~~
/Applications/Xcode.app/Contents/Developer/Toolchains/XcodeDefault.xctoolchain/usr/lib/clang/13.0.0/include/mmintrin.h:394:19: error: use of undeclared identifier '__builtin_ia32_paddd'; did you mean '__builtin_arm_addg'?
    return (__m64)__builtin_ia32_paddd((__v2si)__m1, (__v2si)__m2);
                  ^
/Applications/Xcode.app/Contents/Developer/Toolchains/XcodeDefault.xctoolchain/usr/lib/clang/13.0.0/include/mmintrin.h:352:19: note: '__builtin_arm_addg' declared here
    return (__m64)__builtin_ia32_paddb((__v8qi)__m1, (__v8qi)__m2);
                  ^
fatal error: too many errors emitted, stopping now [-ferror-limit=]
20 errors generated.

** BUILD FAILED **


The following build commands failed:
	CompileC /Users/aghouas/dev/computer-graphics/cs184/p3_1-pathtracer-current/xcode/CMakeFiles/CMakeTmp/CMAKE_TRY_COMPILE.build/Debug/cmTC_b5da9.build/Objects-normal/arm64/src.o /Users/aghouas/dev/computer-graphics/cs184/p3_1-pathtracer-current/xcode/CMakeFiles/CMakeTmp/src.cxx normal arm64 c++ com.apple.compilers.llvm.clang.1_0.compiler (in target 'cmTC_b5da9' from project 'CMAKE_TRY_COMPILE')
(1 failure)


...and run output:

Return value: 1
Source file was:

        #include <immintrin.h>
        int main()
        {
          __m256 a, b, c;
          const float src[8] = { 1.0f, 2.0f, 3.0f, 4.0f, 5.0f, 6.0f, 7.0f, 8.0f };
          float dst[8];
          a = _mm256_loadu_ps( src );
          b = _mm256_loadu_ps( src );
          c = _mm256_add_ps( a, b );
          _mm256_storeu_ps( dst, c );

          for( int i = 0; i < 8; i++ ){
            if( ( src[i] + src[i] ) != dst[i] ){
              return -1;
            }
          }

          return 0;
        }
Performing C++ SOURCE FILE Test HAVE_AVX2_EXTENSIONS failed with the following compile output:
Change Dir: /Users/aghouas/dev/computer-graphics/cs184/p3_1-pathtracer-current/xcode/CMakeFiles/CMakeTmp

Run Build Command(s):/usr/bin/xcodebuild -project CMAKE_TRY_COMPILE.xcodeproj build -target cmTC_d6d40 -parallelizeTargets -configuration Debug -hideShellScriptEnvironment && objc[7653]: Class AMSupportURLConnectionDelegate is implemented in both /usr/lib/libauthinstall.dylib (0x1e91c6b90) and /Library/Apple/System/Library/PrivateFrameworks/MobileDevice.framework/Versions/A/MobileDevice (0x1082c82c8). One of the two will be used. Which one is undefined.
objc[7653]: Class AMSupportURLSession is implemented in both /usr/lib/libauthinstall.dylib (0x1e91c6be0) and /Library/Apple/System/Library/PrivateFrameworks/MobileDevice.framework/Versions/A/MobileDevice (0x1082c8318). One of the two will be used. Which one is undefined.
Command line invocation:
    /Applications/Xcode.app/Contents/Developer/usr/bin/xcodebuild -project CMAKE_TRY_COMPILE.xcodeproj build -target cmTC_d6d40 -parallelizeTargets -configuration Debug -hideShellScriptEnvironment

User defaults from command line:
    HideShellScriptEnvironment = YES
    IDEPackageSupportUseBuiltinSCM = YES

note: Using new build system
note: Planning
Analyze workspace

Create build description
Build description signature: 398678bba3108ad3d071f8be4e989b1c
Build description path: /Users/aghouas/dev/computer-graphics/cs184/p3_1-pathtracer-current/xcode/CMakeFiles/CMakeTmp/build/XCBuildData/398678bba3108ad3d071f8be4e989b1c-desc.xcbuild

note: Build preparation complete
note: Building targets in dependency order
CreateBuildDirectory /Users/aghouas/dev/computer-graphics/cs184/p3_1-pathtracer-current/xcode/CMakeFiles/CMakeTmp
    cd /Users/aghouas/dev/computer-graphics/cs184/p3_1-pathtracer-current/xcode/CMakeFiles/CMakeTmp/CMAKE_TRY_COMPILE.xcodeproj
    builtin-create-build-directory /Users/aghouas/dev/computer-graphics/cs184/p3_1-pathtracer-current/xcode/CMakeFiles/CMakeTmp

CreateBuildDirectory /Users/aghouas/dev/computer-graphics/cs184/p3_1-pathtracer-current/xcode/CMakeFiles/CMakeTmp/Debug
    cd /Users/aghouas/dev/computer-graphics/cs184/p3_1-pathtracer-current/xcode/CMakeFiles/CMakeTmp/CMAKE_TRY_COMPILE.xcodeproj
    builtin-create-build-directory /Users/aghouas/dev/computer-graphics/cs184/p3_1-pathtracer-current/xcode/CMakeFiles/CMakeTmp/Debug

WriteAuxiliaryFile /Users/aghouas/dev/computer-graphics/cs184/p3_1-pathtracer-current/xcode/CMakeFiles/CMakeTmp/CMAKE_TRY_COMPILE.build/Debug/cmTC_d6d40.build/Objects-normal/arm64/cmTC_d6d40.LinkFileList (in target 'cmTC_d6d40' from project 'CMAKE_TRY_COMPILE')
    cd /Users/aghouas/dev/computer-graphics/cs184/p3_1-pathtracer-current/xcode/CMakeFiles/CMakeTmp
    write-file /Users/aghouas/dev/computer-graphics/cs184/p3_1-pathtracer-current/xcode/CMakeFiles/CMakeTmp/CMAKE_TRY_COMPILE.build/Debug/cmTC_d6d40.build/Objects-normal/arm64/cmTC_d6d40.LinkFileList

CompileC /Users/aghouas/dev/computer-graphics/cs184/p3_1-pathtracer-current/xcode/CMakeFiles/CMakeTmp/CMAKE_TRY_COMPILE.build/Debug/cmTC_d6d40.build/Objects-normal/arm64/src.o /Users/aghouas/dev/computer-graphics/cs184/p3_1-pathtracer-current/xcode/CMakeFiles/CMakeTmp/src.cxx normal arm64 c++ com.apple.compilers.llvm.clang.1_0.compiler (in target 'cmTC_d6d40' from project 'CMAKE_TRY_COMPILE')
    cd /Users/aghouas/dev/computer-graphics/cs184/p3_1-pathtracer-current/xcode/CMakeFiles/CMakeTmp
    /Applications/Xcode.app/Contents/Developer/Toolchains/XcodeDefault.xctoolchain/usr/bin/clang -x c++ -target arm64-apple-macos12.1 -fmessage-length\=0 -fdiagnostics-show-note-include-stack -fmacro-backtrace-limit\=0 -Wno-trigraphs -fpascal-strings -O0 -Wno-missing-field-initializers -Wno-missing-prototypes -Wno-return-type -Wno-non-virtual-dtor -Wno-overloaded-virtual -Wno-exit-time-destructors -Wno-missing-braces -Wparentheses -Wswitch -Wno-unused-function -Wno-unused-label -Wno-unused-parameter -Wno-unused-variable -Wunused-value -Wno-empty-body -Wno-uninitialized -Wno-unknown-pragmas -Wno-shadow -Wno-four-char-constants -Wno-conversion -Wno-constant-conversion -Wno-int-conversion -Wno-bool-conversion -Wno-enum-conversion -Wno-float-conversion -Wno-non-literal-null-conversion -Wno-objc-literal-conversion -Wno-shorten-64-to-32 -Wno-newline-eof -Wno-c++11-extensions -DCMAKE_INTDIR\=\"Debug\" -DHAVE_AVX2_EXTENSIONS -isysroot /Applications/Xcode.app/Contents/Developer/Platforms/MacOSX.platform/Developer/SDKs/MacOSX12.1.sdk -fstrict-aliasing -Wdeprecated-declarations -Winvalid-offsetof -g -Wno-sign-conversion -Wno-infinite-recursion -Wno-move -Wno-comma -Wno-block-capture-autoreleasing -Wno-strict-prototypes -Wno-range-loop-analysis -Wno-semicolon-before-method-body -I/Users/aghouas/dev/computer-graphics/cs184/p3_1-pathtracer-current/xcode/CMakeFiles/CMakeTmp/Debug/include -I/Users/aghouas/dev/computer-graphics/cs184/p3_1-pathtracer-current/xcode/CMakeFiles/CMakeTmp/CMAKE_TRY_COMPILE.build/Debug/cmTC_d6d40.build/DerivedSources-normal/arm64 -I/Users/aghouas/dev/computer-graphics/cs184/p3_1-pathtracer-current/xcode/CMakeFiles/CMakeTmp/CMAKE_TRY_COMPILE.build/Debug/cmTC_d6d40.build/DerivedSources/arm64 -I/Users/aghouas/dev/computer-graphics/cs184/p3_1-pathtracer-current/xcode/CMakeFiles/CMakeTmp/CMAKE_TRY_COMPILE.build/Debug/cmTC_d6d40.build/DerivedSources -F/Users/aghouas/dev/computer-graphics/cs184/p3_1-pathtracer-current/xcode/CMakeFiles/CMakeTmp/Debug -mavx2 -MMD -MT dependencies -MF /Users/aghouas/dev/computer-graphics/cs184/p3_1-pathtracer-current/xcode/CMakeFiles/CMakeTmp/CMAKE_TRY_COMPILE.build/Debug/cmTC_d6d40.build/Objects-normal/arm64/src.d --serialize-diagnostics /Users/aghouas/dev/computer-graphics/cs184/p3_1-pathtracer-current/xcode/CMakeFiles/CMakeTmp/CMAKE_TRY_COMPILE.build/Debug/cmTC_d6d40.build/Objects-normal/arm64/src.dia -c /Users/aghouas/dev/computer-graphics/cs184/p3_1-pathtracer-current/xcode/CMakeFiles/CMakeTmp/src.cxx -o /Users/aghouas/dev/computer-graphics/cs184/p3_1-pathtracer-current/xcode/CMakeFiles/CMakeTmp/CMAKE_TRY_COMPILE.build/Debug/cmTC_d6d40.build/Objects-normal/arm64/src.o
clang: warning: argument unused during compilation: '-mavx2' [-Wunused-command-line-argument]
In file included from /Users/aghouas/dev/computer-graphics/cs184/p3_1-pathtracer-current/xcode/CMakeFiles/CMakeTmp/src.cxx:2:
In file included from /Applications/Xcode.app/Contents/Developer/Toolchains/XcodeDefault.xctoolchain/usr/lib/clang/13.0.0/include/immintrin.h:13:
In file included from /Applications/Xcode.app/Contents/Developer/Toolchains/XcodeDefault.xctoolchain/usr/lib/clang/13.0.0/include/x86gprintrin.h:15:
/Applications/Xcode.app/Contents/Developer/Toolchains/XcodeDefault.xctoolchain/usr/lib/clang/13.0.0/include/hresetintrin.h:42:27: error: invalid input constraint 'a' in asm
  __asm__ ("hreset $0" :: "a"(__eax));
                          ^
In file included from /Users/aghouas/dev/computer-graphics/cs184/p3_1-pathtracer-current/xcode/CMakeFiles/CMakeTmp/src.cxx:2:
In file included from /Applications/Xcode.app/Contents/Developer/Toolchains/XcodeDefault.xctoolchain/usr/lib/clang/13.0.0/include/immintrin.h:17:
/Applications/Xcode.app/Contents/Developer/Toolchains/XcodeDefault.xctoolchain/usr/lib/clang/13.0.0/include/mmintrin.h:33:5: error: use of undeclared identifier '__builtin_ia32_emms'; did you mean '__builtin_isless'?
    __builtin_ia32_emms();
    ^
/Applications/Xcode.app/Contents/Developer/Toolchains/XcodeDefault.xctoolchain/usr/lib/clang/13.0.0/include/mmintrin.h:33:5: note: '__builtin_isless' declared here
/Applications/Xcode.app/Contents/Developer/Toolchains/XcodeDefault.xctoolchain/usr/lib/clang/13.0.0/include/mmintrin.h:33:25: error: too few arguments to function call, expected 2, have 0
    __builtin_ia32_emms();
    ~~~~~~~~~~~~~~~~~~~~^
/Applications/Xcode.app/Contents/Developer/Toolchains/XcodeDefault.xctoolchain/usr/lib/clang/13.0.0/include/mmintrin.h:50:19: error: use of undeclared identifier '__builtin_ia32_vec_init_v2si'
    return (__m64)__builtin_ia32_vec_init_v2si(__i, 0);
                  ^
/Applications/Xcode.app/Contents/Developer/Toolchains/XcodeDefault.xctoolchain/usr/lib/clang/13.0.0/include/mmintrin.h:67:12: error: use of undeclared identifier '__builtin_ia32_vec_ext_v2si'
    return __builtin_ia32_vec_ext_v2si((__v2si)__m, 0);
           ^
/Applications/Xcode.app/Contents/Developer/Toolchains/XcodeDefault.xctoolchain/usr/lib/clang/13.0.0/include/mmintrin.h:129:19: error: use of undeclared identifier '__builtin_ia32_packsswb'
    return (__m64)__builtin_ia32_packsswb((__v4hi)__m1, (__v4hi)__m2);
                  ^
/Applications/Xcode.app/Contents/Developer/Toolchains/XcodeDefault.xctoolchain/usr/lib/clang/13.0.0/include/mmintrin.h:159:19: error: use of undeclared identifier '__builtin_ia32_packssdw'
    return (__m64)__builtin_ia32_packssdw((__v2si)__m1, (__v2si)__m2);
                  ^
/Applications/Xcode.app/Contents/Developer/Toolchains/XcodeDefault.xctoolchain/usr/lib/clang/13.0.0/include/mmintrin.h:189:19: error: use of undeclared identifier '__builtin_ia32_packuswb'
    return (__m64)__builtin_ia32_packuswb((__v4hi)__m1, (__v4hi)__m2);
                  ^
/Applications/Xcode.app/Contents/Developer/Toolchains/XcodeDefault.xctoolchain/usr/lib/clang/13.0.0/include/mmintrin.h:216:19: error: use of undeclared identifier '__builtin_ia32_punpckhbw'
    return (__m64)__builtin_ia32_punpckhbw((__v8qi)__m1, (__v8qi)__m2);
                  ^
/Applications/Xcode.app/Contents/Developer/Toolchains/XcodeDefault.xctoolchain/usr/lib/clang/13.0.0/include/mmintrin.h:239:19: error: use of undeclared identifier '__builtin_ia32_punpckhwd'
    return (__m64)__builtin_ia32_punpckhwd((__v4hi)__m1, (__v4hi)__m2);
                  ^
/Applications/Xcode.app/Contents/Developer/Toolchains/XcodeDefault.xctoolchain/usr/lib/clang/13.0.0/include/mmintrin.h:260:19: error: use of undeclared identifier '__builtin_ia32_punpckhdq'
    return (__m64)__builtin_ia32_punpckhdq((__v2si)__m1, (__v2si)__m2);
                  ^
/Applications/Xcode.app/Contents/Developer/Toolchains/XcodeDefault.xctoolchain/usr/lib/clang/13.0.0/include/mmintrin.h:287:19: error: use of undeclared identifier '__builtin_ia32_punpcklbw'
    return (__m64)__builtin_ia32_punpcklbw((__v8qi)__m1, (__v8qi)__m2);
                  ^
/Applications/Xcode.app/Contents/Developer/Toolchains/XcodeDefault.xctoolchain/usr/lib/clang/13.0.0/include/mmintrin.h:310:19: error: use of undeclared identifier '__builtin_ia32_punpcklwd'
    return (__m64)__builtin_ia32_punpcklwd((__v4hi)__m1, (__v4hi)__m2);
                  ^
/Applications/Xcode.app/Contents/Developer/Toolchains/XcodeDefault.xctoolchain/usr/lib/clang/13.0.0/include/mmintrin.h:331:19: error: use of undeclared identifier '__builtin_ia32_punpckldq'
    return (__m64)__builtin_ia32_punpckldq((__v2si)__m1, (__v2si)__m2);
                  ^
/Applications/Xcode.app/Contents/Developer/Toolchains/XcodeDefault.xctoolchain/usr/lib/clang/13.0.0/include/mmintrin.h:352:19: error: use of undeclared identifier '__builtin_ia32_paddb'; did you mean '__builtin_arm_addg'?
    return (__m64)__builtin_ia32_paddb((__v8qi)__m1, (__v8qi)__m2);
                  ^
/Applications/Xcode.app/Contents/Developer/Toolchains/XcodeDefault.xctoolchain/usr/lib/clang/13.0.0/include/mmintrin.h:352:19: note: '__builtin_arm_addg' declared here
/Applications/Xcode.app/Contents/Developer/Toolchains/XcodeDefault.xctoolchain/usr/lib/clang/13.0.0/include/mmintrin.h:352:19: error: first argument of MTE builtin function must be a pointer ('__v8qi' (vector of 8 'char' values) invalid)
    return (__m64)__builtin_ia32_paddb((__v8qi)__m1, (__v8qi)__m2);
                  ^                    ~~~~~~~~~~~~
/Applications/Xcode.app/Contents/Developer/Toolchains/XcodeDefault.xctoolchain/usr/lib/clang/13.0.0/include/mmintrin.h:373:19: error: use of undeclared identifier '__builtin_ia32_paddw'; did you mean '__builtin_arm_addg'?
    return (__m64)__builtin_ia32_paddw((__v4hi)__m1, (__v4hi)__m2);
                  ^
/Applications/Xcode.app/Contents/Developer/Toolchains/XcodeDefault.xctoolchain/usr/lib/clang/13.0.0/include/mmintrin.h:352:19: note: '__builtin_arm_addg' declared here
    return (__m64)__builtin_ia32_paddb((__v8qi)__m1, (__v8qi)__m2);
                  ^
/Applications/Xcode.app/Contents/Developer/Toolchains/XcodeDefault.xctoolchain/usr/lib/clang/13.0.0/include/mmintrin.h:373:19: error: first argument of MTE builtin function must be a pointer ('__v4hi' (vector of 4 'short' values) invalid)
    return (__m64)__builtin_ia32_paddw((__v4hi)__m1, (__v4hi)__m2);
                  ^                    ~~~~~~~~~~~~
/Applications/Xcode.app/Contents/Developer/Toolchains/XcodeDefault.xctoolchain/usr/lib/clang/13.0.0/include/mmintrin.h:394:19: error: use of undeclared identifier '__builtin_ia32_paddd'; did you mean '__builtin_arm_addg'?
    return (__m64)__builtin_ia32_paddd((__v2si)__m1, (__v2si)__m2);
                  ^
/Applications/Xcode.app/Contents/Developer/Toolchains/XcodeDefault.xctoolchain/usr/lib/clang/13.0.0/include/mmintrin.h:352:19: note: '__builtin_arm_addg' declared here
    return (__m64)__builtin_ia32_paddb((__v8qi)__m1, (__v8qi)__m2);
                  ^
fatal error: too many errors emitted, stopping now [-ferror-limit=]
20 errors generated.

** BUILD FAILED **


The following build commands failed:
	CompileC /Users/aghouas/dev/computer-graphics/cs184/p3_1-pathtracer-current/xcode/CMakeFiles/CMakeTmp/CMAKE_TRY_COMPILE.build/Debug/cmTC_d6d40.build/Objects-normal/arm64/src.o /Users/aghouas/dev/computer-graphics/cs184/p3_1-pathtracer-current/xcode/CMakeFiles/CMakeTmp/src.cxx normal arm64 c++ com.apple.compilers.llvm.clang.1_0.compiler (in target 'cmTC_d6d40' from project 'CMAKE_TRY_COMPILE')
(1 failure)


...and run output:

Return value: 1
Source file was:

        #include <immintrin.h>
        int main()
        {
          __m256i a, b, c;
          const int src[8] = { 1, 2, 3, 4, 5, 6, 7, 8 };
          int dst[8];
          a =  _mm256_loadu_si256( (__m256i*)src );
          b =  _mm256_loadu_si256( (__m256i*)src );
          c = _mm256_add_epi32( a, b );
          _mm256_storeu_si256( (__m256i*)dst, c );

          for( int i = 0; i < 8; i++ ){
            if( ( src[i] + src[i] ) != dst[i] ){
              return -1;
            }
          }

          return 0;
        }
